<?xml version="1.0" encoding="UTF-8"?>
<robot generator="Robot 7.4.2 (Python 3.12.4 on win32)" generated="2026-06-30T16:59:47.057292" rpa="false" schemaversion="5">
<suite id="s1" name="Tests" source="C:\Users\lenovo\Desktop\PjtAgropeyi\tests">
<suite id="s1-s1" name="Inscription" source="C:\Users\lenovo\Desktop\PjtAgropeyi\tests\inscription.robot">
<test id="s1-s1-t1" name="Parcour inscription" line="23">
<kw name="init browser" owner="keywords" type="SETUP">
<kw name="Open Browser" owner="SeleniumLibrary">
<msg time="2026-06-30T16:59:47.912205" level="INFO">Opening browser 'chrome' to base url 'https://agropeyi.fr/index.php'.</msg>
<arg>${URL}</arg>
<arg>${BROWSER}</arg>
<doc>Opens a new browser instance to the optional ``url``.</doc>
<status status="PASS" start="2026-06-30T16:59:47.912205" elapsed="0.891393"/>
</kw>
<status status="PASS" start="2026-06-30T16:59:47.911206" elapsed="0.892392"/>
</kw>
<kw name="Generate Random String" owner="String">
<msg time="2026-06-30T16:59:48.808241" level="INFO">${rand_str} = r4q0wiye</msg>
<var>${rand_str}</var>
<arg>8</arg>
<arg>[LOWER][NUMBERS]</arg>
<doc>Generates a string with a desired ``length`` from the given ``chars``.</doc>
<status status="PASS" start="2026-06-30T16:59:48.808241" elapsed="0.000000"/>
</kw>
<kw name="Catenate" owner="BuiltIn">
<msg time="2026-06-30T16:59:48.811918" level="INFO">${email} = SEPARATOR r4q0wiye @gmail.com</msg>
<var>${email}</var>
<arg>SEPARATOR</arg>
<arg>${rand_str}</arg>
<arg>@gmail.com</arg>
<doc>Catenates the given items together and returns the resulted string.</doc>
<status status="PASS" start="2026-06-30T16:59:48.810461" elapsed="0.001457"/>
</kw>
<kw name="Generate Random String" owner="String">
<msg time="2026-06-30T16:59:48.820196" level="INFO">${password} = LouNEmG0</msg>
<var>${password}</var>
<arg>8</arg>
<arg>[LETTERS][NUMBERS]</arg>
<doc>Generates a string with a desired ``length`` from the given ``chars``.</doc>
<status status="PASS" start="2026-06-30T16:59:48.820196" elapsed="0.000000"/>
</kw>
<kw name="First Name" owner="FakerLibrary">
<msg time="2026-06-30T16:59:48.825524" level="INFO">${name} = William</msg>
<var>${name}</var>
<status status="PASS" start="2026-06-30T16:59:48.823770" elapsed="0.001754"/>
</kw>
<kw name="Last Name" owner="FakerLibrary">
<msg time="2026-06-30T16:59:48.828856" level="INFO">${prenom} = Thompson</msg>
<var>${prenom}</var>
<status status="PASS" start="2026-06-30T16:59:48.827855" elapsed="0.001001"/>
</kw>
<kw name="Click Inscription" owner="main_page">
<kw name="Click Element" owner="SeleniumLibrary">
<msg time="2026-06-30T16:59:48.833683" level="INFO">Clicking element 'css=.top-bar-btn'.</msg>
<arg>${inscription}</arg>
<doc>Click the element identified by ``locator``.</doc>
<status status="PASS" start="2026-06-30T16:59:48.830156" elapsed="1.810965"/>
</kw>
<status status="PASS" start="2026-06-30T16:59:48.830156" elapsed="1.812320"/>
</kw>
<kw name="Page Should Contain" owner="SeleniumLibrary">
<msg time="2026-06-30T16:59:50.663778" level="INFO">Current page contains text 'Créer un compte'.</msg>
<arg>Créer un compte</arg>
<doc>Verifies that current page contains ``text``.</doc>
<status status="PASS" start="2026-06-30T16:59:50.642476" elapsed="0.021815"/>
</kw>
<kw name="remplire_formulaire" owner="inscription_page">
<kw name="Saisir name" owner="inscription_page">
<kw name="Input Text" owner="SeleniumLibrary">
<msg time="2026-06-30T16:59:50.666314" level="INFO">Typing text 'William' into text field 'id:nom'.</msg>
<arg>${name}</arg>
<arg>${n}</arg>
<doc>Types the given ``text`` into the text field identified by ``locator``.</doc>
<status status="PASS" start="2026-06-30T16:59:50.666314" elapsed="0.160888"/>
</kw>
<arg>${n}</arg>
<status status="PASS" start="2026-06-30T16:59:50.665301" elapsed="0.161901"/>
</kw>
<kw name="Saisir prenom" owner="inscription_page">
<kw name="Input Text" owner="SeleniumLibrary">
<msg time="2026-06-30T16:59:50.828599" level="INFO">Typing text 'Thompson' into text field 'id:prenom'.</msg>
<arg>${prenom}</arg>
<arg>${p}</arg>
<doc>Types the given ``text`` into the text field identified by ``locator``.</doc>
<status status="PASS" start="2026-06-30T16:59:50.828599" elapsed="0.164174"/>
</kw>
<arg>${p}</arg>
<status status="PASS" start="2026-06-30T16:59:50.827202" elapsed="0.165571"/>
</kw>
<kw name="Saisir email" owner="inscription_page">
<kw name="Input Text" owner="SeleniumLibrary">
<msg time="2026-06-30T16:59:50.994285" level="INFO">Typing text 'SEPARATOR r4q0wiye @gmail.com' into text field 'id:email'.</msg>
<arg>${email}</arg>
<arg>${e}</arg>
<doc>Types the given ``text`` into the text field identified by ``locator``.</doc>
<status status="PASS" start="2026-06-30T16:59:50.993776" elapsed="0.175304"/>
</kw>
<arg>${e}</arg>
<status status="PASS" start="2026-06-30T16:59:50.992773" elapsed="0.176307"/>
</kw>
<kw name="Saisir telephone" owner="inscription_page">
<kw name="Input Text" owner="SeleniumLibrary">
<msg time="2026-06-30T16:59:51.170091" level="INFO">Typing text '0785859674' into text field 'id=telephone'.</msg>
<arg>${tel}</arg>
<arg>${t}</arg>
<doc>Types the given ``text`` into the text field identified by ``locator``.</doc>
<status status="PASS" start="2026-06-30T16:59:51.169080" elapsed="0.112422"/>
</kw>
<arg>${t}</arg>
<status status="PASS" start="2026-06-30T16:59:51.169080" elapsed="0.112422"/>
</kw>
<kw name="Saisir adresse" owner="inscription_page">
<kw name="Input Text" owner="SeleniumLibrary">
<msg time="2026-06-30T16:59:51.283397" level="INFO">Typing text 'tiziouzou' into text field 'id=adresse'.</msg>
<arg>${adresse}</arg>
<arg>${a}</arg>
<doc>Types the given ``text`` into the text field identified by ``locator``.</doc>
<status status="PASS" start="2026-06-30T16:59:51.282886" elapsed="0.143288"/>
</kw>
<arg>${a}</arg>
<status status="PASS" start="2026-06-30T16:59:51.281502" elapsed="0.146010"/>
</kw>
<kw name="Saisir ville" owner="inscription_page">
<kw name="Input Text" owner="SeleniumLibrary">
<msg time="2026-06-30T16:59:51.428511" level="INFO">Typing text 'paris' into text field 'id=ville'.</msg>
<arg>${ville}</arg>
<arg>${v}</arg>
<doc>Types the given ``text`` into the text field identified by ``locator``.</doc>
<status status="PASS" start="2026-06-30T16:59:51.428511" elapsed="0.153006"/>
</kw>
<arg>${v}</arg>
<status status="PASS" start="2026-06-30T16:59:51.427512" elapsed="0.154005"/>
</kw>
<kw name="Saisir code_postale" owner="inscription_page">
<kw name="Input Text" owner="SeleniumLibrary">
<msg time="2026-06-30T16:59:51.583538" level="INFO">Typing text '94200' into text field 'id=code_postal'.</msg>
<arg>${c_postal}</arg>
<arg>${cp}</arg>
<doc>Types the given ``text`` into the text field identified by ``locator``.</doc>
<status status="PASS" start="2026-06-30T16:59:51.583538" elapsed="0.123979"/>
</kw>
<arg>${cp}</arg>
<status status="PASS" start="2026-06-30T16:59:51.583016" elapsed="0.124501"/>
</kw>
<kw name="Saisir pays" owner="inscription_page">
<kw name="Select From List By Value" owner="SeleniumLibrary">
<msg time="2026-06-30T16:59:51.710078" level="INFO">Selecting options from selection list 'id=pays' by value France.</msg>
<arg>${pays}</arg>
<arg>${py}</arg>
<doc>Selects options from selection list ``locator`` by ``values``.</doc>
<status status="PASS" start="2026-06-30T16:59:51.709034" elapsed="0.105400"/>
</kw>
<arg>${py}</arg>
<status status="PASS" start="2026-06-30T16:59:51.707517" elapsed="0.106917"/>
</kw>
<kw name="Saisir password" owner="inscription_page">
<kw name="Input Text" owner="SeleniumLibrary">
<msg time="2026-06-30T16:59:51.817470" level="INFO">Typing text 'LouNEmG0' into text field 'id=mot_de_passe'.</msg>
<arg>${mdp}</arg>
<arg>${pwd}</arg>
<doc>Types the given ``text`` into the text field identified by ``locator``.</doc>
<status status="PASS" start="2026-06-30T16:59:51.816454" elapsed="0.114967"/>
</kw>
<arg>${pwd}</arg>
<status status="PASS" start="2026-06-30T16:59:51.815443" elapsed="0.115978"/>
</kw>
<kw name="Saisir Confirmed_password" owner="inscription_page">
<kw name="Input Text" owner="SeleniumLibrary">
<msg time="2026-06-30T16:59:51.932436" level="INFO">Typing text 'LouNEmG0' into text field 'id=confirmer_mot_de_passe'.</msg>
<arg>${c_mdp}</arg>
<arg>${cpwd}</arg>
<doc>Types the given ``text`` into the text field identified by ``locator``.</doc>
<status status="PASS" start="2026-06-30T16:59:51.932436" elapsed="0.112899"/>
</kw>
<arg>${cpwd}</arg>
<status status="PASS" start="2026-06-30T16:59:51.931421" elapsed="0.113914"/>
</kw>
<kw name="Click inscription" owner="inscription_page">
<kw name="Wait Until Element Is Visible" owner="SeleniumLibrary">
<arg>${btn_inscrire}</arg>
<arg>10s</arg>
<doc>Waits until the element ``locator`` is visible.</doc>
<status status="PASS" start="2026-06-30T16:59:52.045335" elapsed="0.032705"/>
</kw>
<kw name="Scroll Element Into View" owner="SeleniumLibrary">
<arg>${btn_inscrire}</arg>
<doc>Scrolls the element identified by ``locator`` into view.</doc>
<status status="PASS" start="2026-06-30T16:59:52.078040" elapsed="0.296410"/>
</kw>
<kw name="Click Button" owner="SeleniumLibrary">
<msg time="2026-06-30T16:59:52.374450" level="INFO">Clicking button 'css=.btn.btn-fuchsia'.</msg>
<arg>${btn_inscrire}</arg>
<doc>Clicks the button identified by ``locator``.</doc>
<status status="PASS" start="2026-06-30T16:59:52.374450" elapsed="0.086953"/>
</kw>
<status status="PASS" start="2026-06-30T16:59:52.045335" elapsed="0.416068"/>
</kw>
<arg>${name}</arg>
<arg>${prenom}</arg>
<arg>${email}</arg>
<arg>0785859674</arg>
<arg>tiziouzou</arg>
<arg>paris</arg>
<arg>94200</arg>
<arg>France</arg>
<arg>${password}</arg>
<arg>${password}</arg>
<status status="PASS" start="2026-06-30T16:59:50.664291" elapsed="1.797112"/>
</kw>
<kw name="Close Browser" owner="SeleniumLibrary" type="TEARDOWN">
<doc>Closes the current browser.</doc>
<status status="PASS" start="2026-06-30T16:59:52.461403" elapsed="2.302436"/>
</kw>
<tag>e2e</tag>
<tag>smoke</tag>
<status status="PASS" start="2026-06-30T16:59:47.910187" elapsed="6.853652"/>
</test>
<doc>parcour inscription</doc>
<status status="PASS" start="2026-06-30T16:59:47.109847" elapsed="7.655089"/>
</suite>
<status status="PASS" start="2026-06-30T16:59:47.058800" elapsed="7.708244"/>
</suite>
<statistics>
<total>
<stat pass="1" fail="0" skip="0">All Tests</stat>
</total>
<tag>
<stat pass="1" fail="0" skip="0">e2e</stat>
<stat pass="1" fail="0" skip="0">smoke</stat>
</tag>
<suite>
<stat name="Tests" id="s1" pass="1" fail="0" skip="0">Tests</stat>
<stat name="Inscription" id="s1-s1" pass="1" fail="0" skip="0">Tests.Inscription</stat>
</suite>
</statistics>
<errors>
</errors>
</robot>
