<?xml version="1.0" encoding="UTF-8"?>
<robot generator="Robot 7.4.2 (Python 3.12.4 on win32)" generated="2026-07-01T11:18:11.349379" rpa="false" schemaversion="5">
<suite id="s1" name="Inscription" source="C:\Users\lenovo\Desktop\PjtAgropeyi\tests\inscription.robot">
<test id="s1-t1" name="Parcour inscription" line="23">
<kw name="init browser" owner="keywords" type="SETUP">
<kw name="Open Browser" owner="SeleniumLibrary">
<msg time="2026-07-01T11:18:12.202346" level="INFO">Opening browser 'chrome' to base url 'https://agropeyi.fr/index.php'.</msg>
<arg>${URL}</arg>
<arg>${BROWSER}</arg>
<doc>Opens a new browser instance to the optional ``url``.</doc>
<status status="PASS" start="2026-07-01T11:18:12.201353" elapsed="19.828650"/>
</kw>
<status status="PASS" start="2026-07-01T11:18:12.200362" elapsed="19.829641"/>
</kw>
<kw name="Generate Random String" owner="String">
<msg time="2026-07-01T11:18:32.030998" level="INFO">${rand_str} = wwvucer3</msg>
<var>${rand_str}</var>
<arg>8</arg>
<arg>[LOWER][NUMBERS]</arg>
<doc>Generates a string with a desired ``length`` from the given ``chars``.</doc>
<status status="PASS" start="2026-07-01T11:18:32.030998" elapsed="0.000000"/>
</kw>
<kw name="Catenate" owner="BuiltIn">
<msg time="2026-07-01T11:18:32.032095" level="INFO">${email} = wwvucer3@gmail.com</msg>
<var>${email}</var>
<arg>SEPARATOR=</arg>
<arg>${rand_str}</arg>
<arg>@gmail.com</arg>
<doc>Catenates the given items together and returns the resulted string.</doc>
<status status="PASS" start="2026-07-01T11:18:32.032095" elapsed="0.000000"/>
</kw>
<kw name="Generate Random String" owner="String">
<msg time="2026-07-01T11:18:32.033099" level="INFO">${password} = N3G9xR8R</msg>
<var>${password}</var>
<arg>8</arg>
<arg>[LETTERS][NUMBERS]</arg>
<doc>Generates a string with a desired ``length`` from the given ``chars``.</doc>
<status status="PASS" start="2026-07-01T11:18:32.033099" elapsed="0.000000"/>
</kw>
<kw name="First Name" owner="FakerLibrary">
<msg time="2026-07-01T11:18:32.034425" level="INFO">${name} = Rebecca</msg>
<var>${name}</var>
<status status="PASS" start="2026-07-01T11:18:32.034425" elapsed="0.000000"/>
</kw>
<kw name="Last Name" owner="FakerLibrary">
<msg time="2026-07-01T11:18:32.036318" level="INFO">${prenom} = Weeks</msg>
<var>${prenom}</var>
<status status="PASS" start="2026-07-01T11:18:32.036318" elapsed="0.001019"/>
</kw>
<kw name="Click Inscription" owner="main_page">
<kw name="Click Element" owner="SeleniumLibrary">
<msg time="2026-07-01T11:18:32.040333" level="INFO">Clicking element 'css=.top-bar-btn'.</msg>
<arg>${inscription}</arg>
<doc>Click the element identified by ``locator``.</doc>
<status status="PASS" start="2026-07-01T11:18:32.038331" elapsed="0.216128"/>
</kw>
<status status="PASS" start="2026-07-01T11:18:32.037337" elapsed="0.217122"/>
</kw>
<kw name="Page Should Contain" owner="SeleniumLibrary">
<msg time="2026-07-01T11:18:32.270593" level="INFO">Current page contains text 'Créer un compte'.</msg>
<arg>Créer un compte</arg>
<doc>Verifies that current page contains ``text``.</doc>
<status status="PASS" start="2026-07-01T11:18:32.254459" elapsed="0.017133"/>
</kw>
<kw name="remplire_formulaire" owner="inscription_page">
<kw name="Saisir name" owner="inscription_page">
<kw name="Input Text" owner="SeleniumLibrary">
<msg time="2026-07-01T11:18:32.273864" level="INFO">Typing text 'Rebecca' into text field 'id:nom'.</msg>
<arg>${name}</arg>
<arg>${n}</arg>
<doc>Types the given ``text`` into the text field identified by ``locator``.</doc>
<status status="PASS" start="2026-07-01T11:18:32.272593" elapsed="0.142249"/>
</kw>
<arg>${n}</arg>
<status status="PASS" start="2026-07-01T11:18:32.272593" elapsed="0.143265"/>
</kw>
<kw name="Saisir prenom" owner="inscription_page">
<kw name="Input Text" owner="SeleniumLibrary">
<msg time="2026-07-01T11:18:32.415858" level="INFO">Typing text 'Weeks' into text field 'id:prenom'.</msg>
<arg>${prenom}</arg>
<arg>${p}</arg>
<doc>Types the given ``text`` into the text field identified by ``locator``.</doc>
<status status="PASS" start="2026-07-01T11:18:32.415858" elapsed="0.085482"/>
</kw>
<arg>${p}</arg>
<status status="PASS" start="2026-07-01T11:18:32.415858" elapsed="0.086480"/>
</kw>
<kw name="Saisir email" owner="inscription_page">
<kw name="Input Text" owner="SeleniumLibrary">
<msg time="2026-07-01T11:18:32.503337" level="INFO">Typing text 'wwvucer3@gmail.com' into text field 'id:email'.</msg>
<arg>${email}</arg>
<arg>${e}</arg>
<doc>Types the given ``text`` into the text field identified by ``locator``.</doc>
<status status="PASS" start="2026-07-01T11:18:32.502338" elapsed="0.100834"/>
</kw>
<arg>${e}</arg>
<status status="PASS" start="2026-07-01T11:18:32.502338" elapsed="0.100834"/>
</kw>
<kw name="Saisir telephone" owner="inscription_page">
<kw name="Input Text" owner="SeleniumLibrary">
<msg time="2026-07-01T11:18:32.604450" level="INFO">Typing text '0785859674' into text field 'id=telephone'.</msg>
<arg>${tel}</arg>
<arg>${t}</arg>
<doc>Types the given ``text`` into the text field identified by ``locator``.</doc>
<status status="PASS" start="2026-07-01T11:18:32.603172" elapsed="0.082812"/>
</kw>
<arg>${t}</arg>
<status status="PASS" start="2026-07-01T11:18:32.603172" elapsed="0.082812"/>
</kw>
<kw name="Saisir adresse" owner="inscription_page">
<kw name="Input Text" owner="SeleniumLibrary">
<msg time="2026-07-01T11:18:32.687512" level="INFO">Typing text 'tiziouzou' into text field 'id=adresse'.</msg>
<arg>${adresse}</arg>
<arg>${a}</arg>
<doc>Types the given ``text`` into the text field identified by ``locator``.</doc>
<status status="PASS" start="2026-07-01T11:18:32.685984" elapsed="0.079973"/>
</kw>
<arg>${a}</arg>
<status status="PASS" start="2026-07-01T11:18:32.685984" elapsed="0.079973"/>
</kw>
<kw name="Saisir ville" owner="inscription_page">
<kw name="Input Text" owner="SeleniumLibrary">
<msg time="2026-07-01T11:18:32.767490" level="INFO">Typing text 'paris' into text field 'id=ville'.</msg>
<arg>${ville}</arg>
<arg>${v}</arg>
<doc>Types the given ``text`` into the text field identified by ``locator``.</doc>
<status status="PASS" start="2026-07-01T11:18:32.765957" elapsed="0.084088"/>
</kw>
<arg>${v}</arg>
<status status="PASS" start="2026-07-01T11:18:32.765957" elapsed="0.084088"/>
</kw>
<kw name="Saisir code_postale" owner="inscription_page">
<kw name="Input Text" owner="SeleniumLibrary">
<msg time="2026-07-01T11:18:32.851376" level="INFO">Typing text '94200' into text field 'id=code_postal'.</msg>
<arg>${c_postal}</arg>
<arg>${cp}</arg>
<doc>Types the given ``text`` into the text field identified by ``locator``.</doc>
<status status="PASS" start="2026-07-01T11:18:32.851376" elapsed="0.083405"/>
</kw>
<arg>${cp}</arg>
<status status="PASS" start="2026-07-01T11:18:32.850045" elapsed="0.084736"/>
</kw>
<kw name="Saisir pays" owner="inscription_page">
<kw name="Select From List By Value" owner="SeleniumLibrary">
<msg time="2026-07-01T11:18:32.936289" level="INFO">Selecting options from selection list 'id=pays' by value France.</msg>
<arg>${pays}</arg>
<arg>${py}</arg>
<doc>Selects options from selection list ``locator`` by ``values``.</doc>
<status status="PASS" start="2026-07-01T11:18:32.934781" elapsed="0.079538"/>
</kw>
<arg>${py}</arg>
<status status="PASS" start="2026-07-01T11:18:32.934781" elapsed="0.079538"/>
</kw>
<kw name="Saisir password" owner="inscription_page">
<kw name="Input Text" owner="SeleniumLibrary">
<msg time="2026-07-01T11:18:33.015831" level="INFO">Typing text 'N3G9xR8R' into text field 'id=mot_de_passe'.</msg>
<arg>${mdp}</arg>
<arg>${pwd}</arg>
<doc>Types the given ``text`` into the text field identified by ``locator``.</doc>
<status status="PASS" start="2026-07-01T11:18:33.015831" elapsed="0.096085"/>
</kw>
<arg>${pwd}</arg>
<status status="PASS" start="2026-07-01T11:18:33.014319" elapsed="0.098596"/>
</kw>
<kw name="Saisir Confirmed_password" owner="inscription_page">
<kw name="Input Text" owner="SeleniumLibrary">
<msg time="2026-07-01T11:18:33.114032" level="INFO">Typing text 'N3G9xR8R' into text field 'id=confirmer_mot_de_passe'.</msg>
<arg>${c_mdp}</arg>
<arg>${cpwd}</arg>
<doc>Types the given ``text`` into the text field identified by ``locator``.</doc>
<status status="PASS" start="2026-07-01T11:18:33.112915" elapsed="0.087457"/>
</kw>
<arg>${cpwd}</arg>
<status status="PASS" start="2026-07-01T11:18:33.112915" elapsed="0.087457"/>
</kw>
<kw name="Click inscription" owner="inscription_page">
<kw name="Wait Until Element Is Visible" owner="SeleniumLibrary">
<arg>${btn_inscrire}</arg>
<arg>10s</arg>
<doc>Waits until the element ``locator`` is visible.</doc>
<status status="PASS" start="2026-07-01T11:18:33.200372" elapsed="0.021426"/>
</kw>
<kw name="Scroll Element Into View" owner="SeleniumLibrary">
<arg>${btn_inscrire}</arg>
<doc>Scrolls the element identified by ``locator`` into view.</doc>
<status status="PASS" start="2026-07-01T11:18:33.221798" elapsed="0.278034"/>
</kw>
<kw name="Click Button" owner="SeleniumLibrary">
<msg time="2026-07-01T11:18:33.502672" level="INFO">Clicking button 'css=.btn.btn-fuchsia'.</msg>
<arg>${btn_inscrire}</arg>
<doc>Clicks the button identified by ``locator``.</doc>
<status status="PASS" start="2026-07-01T11:18:33.501353" elapsed="6.462801"/>
</kw>
<status status="PASS" start="2026-07-01T11:18:33.200372" elapsed="6.763782"/>
</kw>
<arg>${name}</arg>
<arg>${prenom}</arg>
<arg>${email}</arg>
<arg>0785859674</arg>
<arg>tiziouzou</arg>
<arg>paris</arg>
<arg>94200</arg>
<arg>France</arg>
<arg>${password}</arg>
<arg>${password}</arg>
<status status="PASS" start="2026-07-01T11:18:32.271592" elapsed="7.692562"/>
</kw>
<kw name="CheckMsg" owner="inscription_page">
<kw name="Element Should Contain" owner="SeleniumLibrary">
<msg time="2026-07-01T11:18:40.035877" level="INFO">Element 'xpath=//div[contains(@class,'alert-success')]' contains text 'Inscription réussie'.</msg>
<arg>${successMsg}</arg>
<arg>Inscription réussie</arg>
<doc>Verifies that element ``locator`` contains text ``expected``.</doc>
<status status="PASS" start="2026-07-01T11:18:39.965894" elapsed="0.069983"/>
</kw>
<status status="PASS" start="2026-07-01T11:18:39.965894" elapsed="0.070489"/>
</kw>
<kw name="Close Browser" owner="SeleniumLibrary" type="TEARDOWN">
<doc>Closes the current browser.</doc>
<status status="PASS" start="2026-07-01T11:18:40.036383" elapsed="2.450268"/>
</kw>
<tag>e2e</tag>
<tag>smoke</tag>
<status status="PASS" start="2026-07-01T11:18:12.199303" elapsed="30.287348"/>
</test>
<doc>parcour inscription</doc>
<status status="PASS" start="2026-07-01T11:18:11.350380" elapsed="31.138672"/>
</suite>
<statistics>
<total>
<stat pass="1" fail="0" skip="0">All Tests</stat>
</total>
<tag>
<stat pass="1" fail="0" skip="0">e2e</stat>
<stat pass="1" fail="0" skip="0">smoke</stat>
</tag>
<suite>
<stat name="Inscription" id="s1" pass="1" fail="0" skip="0">Inscription</stat>
</suite>
</statistics>
<errors>
</errors>
</robot>
